<?xml version="1.0" encoding="UTF-8"?>
<testsuite name="hello.hellospring.HelloSpringApplicationTests" tests="1" skipped="0" failures="0" errors="0" timestamp="2023-02-06T04:37:10" hostname="DESKTOP-MVVU59E" time="0.612">
  <properties/>
  <testcase name="contextLoads()" classname="hello.hellospring.HelloSpringApplicationTests" time="0.612"/>
  <system-out><![CDATA[13:37:06.205 [Test worker] DEBUG org.springframework.test.context.BootstrapUtils - Instantiating CacheAwareContextLoaderDelegate from class [org.springframework.test.context.cache.DefaultCacheAwareContextLoaderDelegate]
13:37:06.225 [Test worker] DEBUG org.springframework.test.context.BootstrapUtils - Instantiating BootstrapContext using constructor [public org.springframework.test.context.support.DefaultBootstrapContext(java.lang.Class,org.springframework.test.context.CacheAwareContextLoaderDelegate)]
13:37:06.282 [Test worker] DEBUG org.springframework.test.context.BootstrapUtils - Instantiating TestContextBootstrapper for test class [hello.hellospring.HelloSpringApplicationTests] from class [org.springframework.boot.test.context.SpringBootTestContextBootstrapper]
13:37:06.300 [Test worker] INFO org.springframework.boot.test.context.SpringBootTestContextBootstrapper - Neither @ContextConfiguration nor @ContextHierarchy found for test class [hello.hellospring.HelloSpringApplicationTests], using SpringBootContextLoader
13:37:06.307 [Test worker] DEBUG org.springframework.test.context.support.AbstractContextLoader - Did not detect default resource location for test class [hello.hellospring.HelloSpringApplicationTests]: class path resource [hello/hellospring/HelloSpringApplicationTests-context.xml] does not exist
13:37:06.309 [Test worker] DEBUG org.springframework.test.context.support.AbstractContextLoader - Did not detect default resource location for test class [hello.hellospring.HelloSpringApplicationTests]: class path resource [hello/hellospring/HelloSpringApplicationTestsContext.groovy] does not exist
13:37:06.309 [Test worker] INFO org.springframework.test.context.support.AbstractContextLoader - Could not detect default resource locations for test class [hello.hellospring.HelloSpringApplicationTests]: no resource found for suffixes {-context.xml, Context.groovy}.
13:37:06.310 [Test worker] INFO org.springframework.test.context.support.AnnotationConfigContextLoaderUtils - Could not detect default configuration classes for test class [hello.hellospring.HelloSpringApplicationTests]: HelloSpringApplicationTests does not declare any static, non-private, non-final, nested classes annotated with @Configuration.
13:37:06.394 [Test worker] DEBUG org.springframework.test.context.support.ActiveProfilesUtils - Could not find an 'annotation declaring class' for annotation type [org.springframework.test.context.ActiveProfiles] and class [hello.hellospring.HelloSpringApplicationTests]
13:37:06.495 [Test worker] DEBUG org.springframework.context.annotation.ClassPathScanningCandidateComponentProvider - Identified candidate component class: file [C:\Users\seowoo 1-16\Downloads\hello-spring\hello-spring\build\classes\java\main\hello\hellospring\HelloSpringApplication.class]
13:37:06.497 [Test worker] INFO org.springframework.boot.test.context.SpringBootTestContextBootstrapper - Found @SpringBootConfiguration hello.hellospring.HelloSpringApplication for test class hello.hellospring.HelloSpringApplicationTests
13:37:06.686 [Test worker] DEBUG org.springframework.boot.test.context.SpringBootTestContextBootstrapper - @TestExecutionListeners is not present for class [hello.hellospring.HelloSpringApplicationTests]: using defaults.
13:37:06.687 [Test worker] INFO org.springframework.boot.test.context.SpringBootTestContextBootstrapper - Loaded default TestExecutionListener class names from location [META-INF/spring.factories]: [org.springframework.boot.test.autoconfigure.restdocs.RestDocsTestExecutionListener, org.springframework.boot.test.autoconfigure.web.client.MockRestServiceServerResetTestExecutionListener, org.springframework.boot.test.autoconfigure.web.servlet.MockMvcPrintOnlyOnFailureTestExecutionListener, org.springframework.boot.test.autoconfigure.web.servlet.WebDriverTestExecutionListener, org.springframework.boot.test.autoconfigure.webservices.client.MockWebServiceServerTestExecutionListener, org.springframework.boot.test.mock.mockito.MockitoTestExecutionListener, org.springframework.boot.test.mock.mockito.ResetMocksTestExecutionListener, org.springframework.test.context.web.ServletTestExecutionListener, org.springframework.test.context.support.DirtiesContextBeforeModesTestExecutionListener, org.springframework.test.context.event.ApplicationEventsTestExecutionListener, org.springframework.test.context.support.DependencyInjectionTestExecutionListener, org.springframework.test.context.support.DirtiesContextTestExecutionListener, org.springframework.test.context.transaction.TransactionalTestExecutionListener, org.springframework.test.context.jdbc.SqlScriptsTestExecutionListener, org.springframework.test.context.event.EventPublishingTestExecutionListener]
13:37:06.707 [Test worker] DEBUG org.springframework.boot.test.context.SpringBootTestContextBootstrapper - Skipping candidate TestExecutionListener [org.springframework.test.context.transaction.TransactionalTestExecutionListener] due to a missing dependency. Specify custom listener classes or make the default listener classes and their required dependencies available. Offending class: [org/springframework/transaction/interceptor/TransactionAttributeSource]
13:37:06.708 [Test worker] DEBUG org.springframework.boot.test.context.SpringBootTestContextBootstrapper - Skipping candidate TestExecutionListener [org.springframework.test.context.jdbc.SqlScriptsTestExecutionListener] due to a missing dependency. Specify custom listener classes or make the default listener classes and their required dependencies available. Offending class: [org/springframework/transaction/interceptor/TransactionAttribute]
13:37:06.709 [Test worker] INFO org.springframework.boot.test.context.SpringBootTestContextBootstrapper - Using TestExecutionListeners: [org.springframework.test.context.web.ServletTestExecutionListener@1d572e62, org.springframework.test.context.support.DirtiesContextBeforeModesTestExecutionListener@29caf222, org.springframework.test.context.event.ApplicationEventsTestExecutionListener@46cf05f7, org.springframework.boot.test.mock.mockito.MockitoTestExecutionListener@5851bd4f, org.springframework.boot.test.autoconfigure.SpringBootDependencyInjectionTestExecutionListener@7cd1ac19, org.springframework.test.context.support.DirtiesContextTestExecutionListener@2f40a43, org.springframework.test.context.event.EventPublishingTestExecutionListener@3caa4757, org.springframework.boot.test.autoconfigure.restdocs.RestDocsTestExecutionListener@69c43e48, org.springframework.boot.test.autoconfigure.web.client.MockRestServiceServerResetTestExecutionListener@1804f60d, org.springframework.boot.test.autoconfigure.web.servlet.MockMvcPrintOnlyOnFailureTestExecutionListener@3a80515c, org.springframework.boot.test.autoconfigure.web.servlet.WebDriverTestExecutionListener@547e29a4, org.springframework.boot.test.autoconfigure.webservices.client.MockWebServiceServerTestExecutionListener@1c807b1d, org.springframework.boot.test.mock.mockito.ResetMocksTestExecutionListener@238b521e]
13:37:06.715 [Test worker] DEBUG org.springframework.test.context.support.AbstractDirtiesContextTestExecutionListener - Before test class: context [DefaultTestContext@6ebd78d1 testClass = HelloSpringApplicationTests, testInstance = [null], testMethod = [null], testException = [null], mergedContextConfiguration = [WebMergedContextConfiguration@436390f4 testClass = HelloSpringApplicationTests, locations = '{}', classes = '{class hello.hellospring.HelloSpringApplication}', contextInitializerClasses = '[]', activeProfiles = '{}', propertySourceLocations = '{}', propertySourceProperties = '{org.springframework.boot.test.context.SpringBootTestContextBootstrapper=true}', contextCustomizers = set[org.springframework.boot.test.autoconfigure.actuate.metrics.MetricsExportContextCustomizerFactory$DisableMetricExportContextCustomizer@16746061, org.springframework.boot.test.autoconfigure.properties.PropertyMappingContextCustomizer@0, org.springframework.boot.test.autoconfigure.web.servlet.WebDriverContextCustomizerFactory$Customizer@201b6b6f, org.springframework.boot.test.context.filter.ExcludeFilterContextCustomizer@67ab1c47, org.springframework.boot.test.json.DuplicateJsonObjectContextCustomizerFactory$DuplicateJsonObjectContextCustomizer@5b444398, org.springframework.boot.test.mock.mockito.MockitoContextCustomizer@0, org.springframework.boot.test.web.client.TestRestTemplateContextCustomizer@56bca85b, org.springframework.boot.test.context.SpringBootTestArgs@1, org.springframework.boot.test.context.SpringBootTestWebEnvironment@2f666ebb], resourceBasePath = 'src/main/webapp', contextLoader = 'org.springframework.boot.test.context.SpringBootContextLoader', parent = [null]], attributes = map['org.springframework.test.context.web.ServletTestExecutionListener.activateListener' -> true]], class annotated with @DirtiesContext [false] with mode [null].

  .   ____          _            __ _ _
 /\\ / ___'_ __ _ _(_)_ __  __ _ \ \ \ \
( ( )\___ | '_ | '_| | '_ \/ _` | \ \ \ \
 \\/  ___)| |_)| | | | | || (_| |  ) ) ) )
  '  |____| .__|_| |_|_| |_\__, | / / / /
 =========|_|==============|___/=/_/_/_/
 :: Spring Boot ::                (v2.7.8)

2023-02-06 13:37:07.355  INFO 8220 --- [    Test worker] h.h.HelloSpringApplicationTests          : Starting HelloSpringApplicationTests using Java 11 on DESKTOP-MVVU59E with PID 8220 (started by seowoo 1-16 in C:\Users\seowoo 1-16\Downloads\hello-spring\hello-spring)
2023-02-06 13:37:07.357  INFO 8220 --- [    Test worker] h.h.HelloSpringApplicationTests          : No active profile set, falling back to 1 default profile: "default"
2023-02-06 13:37:09.666  INFO 8220 --- [    Test worker] o.s.b.a.w.s.WelcomePageHandlerMapping    : Adding welcome page: class path resource [static/index.html]
2023-02-06 13:37:10.192  INFO 8220 --- [    Test worker] h.h.HelloSpringApplicationTests          : Started HelloSpringApplicationTests in 3.42 seconds (JVM running for 5.951)
]]></system-out>
  <system-err><![CDATA[]]></system-err>
</testsuite>
